<?xml version="1.0" encoding="UTF-8" ?>
<testsuite tests="4" failures="0" name="clases.JUnitSampleTest" time="0.009" errors="0" skipped="0">
  <properties>
[...]
</properties>
  <testcase classname="clases.JUnitSampleTest" name="sampleTest4" time="0.004"/>
  <testcase classname="clases.JUnitSampleTest" name="sampleTest0" time="0"/>
  <testcase classname="clases.JUnitSampleTest" name="sampleTest2" time="0.004"/>
  <testcase classname="clases.JUnitSampleTest" name="sampleTest1" time="0.001"/>
</testsuite>